<?xml version="1.0" encoding="UTF-8"?>
<!-- Generated by org.testng.reporters.JUnitReportReporter -->
<testsuite hostname="LTP-O-101080" name="digitaltransformation.TestCases.TC10_ClassL_ValidationCheck_SubmitCase" tests="1" failures="0" timestamp="22 Dec 2020 12:21:52 GMT" time="104.450" errors="0">
  <testcase name="ApplyForSelf" time="104.450" classname="digitaltransformation.TestCases.TC10_ClassL_ValidationCheck_SubmitCase"/>
</testsuite> <!-- digitaltransformation.TestCases.TC10_ClassL_ValidationCheck_SubmitCase -->
