<?xml version="1.0" encoding="UTF-8"?>
<!-- Generated by org.testng.reporters.JUnitReportReporter -->
<testsuite hostname="LTP-O-101080" name="digitaltransformation.TestCases.TC01_ClassE_ValidationCheck_SubmitCase" tests="1" failures="0" timestamp="4 Dec 2020 15:53:36 GMT" time="286.225" errors="0">
  <testcase name="ApplyForSelf" time="286.225" classname="digitaltransformation.TestCases.TC01_ClassE_ValidationCheck_SubmitCase"/>
</testsuite> <!-- digitaltransformation.TestCases.TC01_ClassE_ValidationCheck_SubmitCase -->
