<?xml version="1.0" encoding="UTF-8"?>
<!-- Generated by org.testng.reporters.JUnitReportReporter -->
<testsuite hostname="LTP-O-101080" name="digitaltransformation.TestCases.TC06_ClassH_ValidationCheck_SubmitCase" tests="1" failures="0" timestamp="3 Jan 2021 14:48:53 GMT" time="56.989" errors="0">
  <testcase name="Apply_onbehalfof_some_one_else" time="56.989" classname="digitaltransformation.TestCases.TC06_ClassH_ValidationCheck_SubmitCase"/>
</testsuite> <!-- digitaltransformation.TestCases.TC06_ClassH_ValidationCheck_SubmitCase -->
