<?xml version="1.0" encoding="UTF-8"?>
<!-- Generated by org.testng.reporters.JUnitReportReporter -->
<testsuite hostname="LTP-O-101080" name="digitaltransformation.TestCases.TC14_ClassT_ValidationCheck_SubmitCase" tests="1" failures="0" timestamp="3 Jan 2021 13:35:04 GMT" time="99.166" errors="0">
  <testcase name="ApplyForSelf" time="99.166" classname="digitaltransformation.TestCases.TC14_ClassT_ValidationCheck_SubmitCase"/>
</testsuite> <!-- digitaltransformation.TestCases.TC14_ClassT_ValidationCheck_SubmitCase -->
