<?xml version="1.0" encoding="UTF-8"?>
<!-- Generated by org.testng.reporters.JUnitReportReporter -->
<testsuite hostname="LTP-O-101080" name="digitaltransformation.TestCases.TC12_ClassR_ValidationCheck_SubmitCase" tests="1" failures="0" timestamp="3 Jan 2021 15:21:49 GMT" time="126.576" errors="0">
  <testcase name="ApplyForSelf" time="126.576" classname="digitaltransformation.TestCases.TC12_ClassR_ValidationCheck_SubmitCase"/>
</testsuite> <!-- digitaltransformation.TestCases.TC12_ClassR_ValidationCheck_SubmitCase -->
