<?xml version="1.0" encoding="UTF-8"?>
<!-- Generated by org.testng.reporters.JUnitReportReporter -->
<testsuite hostname="LTP-O-101080" name="digitaltransformation.TestCases.TC05_ClassG_ValidationCheck_SubmitCase" tests="1" failures="0" timestamp="22 Dec 2020 10:30:06 GMT" time="59.506" errors="0">
  <testcase name="ApplyForSelf" time="59.506" classname="digitaltransformation.TestCases.TC05_ClassG_ValidationCheck_SubmitCase"/>
</testsuite> <!-- digitaltransformation.TestCases.TC05_ClassG_ValidationCheck_SubmitCase -->
