<?xml version="1.0" encoding="UTF-8"?>
<!-- Generated by org.testng.reporters.JUnitReportReporter -->
<testsuite hostname="LTP-O-101080" name="com.lbe.TestCases.TC01_ClassD_ValidationCheck_SubmitCase" tests="1" failures="0" timestamp="28 Nov 2020 15:08:39 GMT" time="0.062" errors="0">
  <testcase name="ApplyForSelf" time="0.062" classname="com.lbe.TestCases.TC01_ClassD_ValidationCheck_SubmitCase"/>
</testsuite> <!-- com.lbe.TestCases.TC01_ClassD_ValidationCheck_SubmitCase -->
